<?xml version="1.0" encoding="UTF-8"?>
<testsuite name="CinemaTests" tests="1" skipped="0" failures="0" errors="0" timestamp="2022-11-09T06:45:50" hostname="DESKTOP-LJGGELE" time="9.927">
  <properties/>
  <testcase name="start" classname="CinemaTests" time="9.927"/>
  <system-out><![CDATA[?[1;31m
Start test 1?[0m
?[0;34m
?[0m?[0;34m  .   ____          _            __ _ _
?[0m?[0;34m /\\ / ___'_ __ _ _(_)_ __  __ _ \ \ \ \
?[0m?[0;34m( ( )\___ | '_ | '_| | '_ \/ _` | \ \ \ \
?[0m?[0;34m \\/  ___)| |_)| | | | | || (_| |  ) ) ) )
?[0m?[0;34m  '  |____| .__|_| |_|_| |_\__, | / / / /
?[0m?[0;34m =========|_|==============|___/=/_/_/_/
?[0m?[0;34m :: Spring Boot ::                (v2.5.6)
?[0m?[0;34m
?[0m?[0;34m2022-11-09 09:45:52.654  INFO 4640 --- [    Test worker] cinema.Main                              : Starting Main using Java 17.0.4.1 on DESKTOP-LJGGELE with PID 4640 (started by ÄGARE in C:\Users\ÄGARE\IdeaProjects\CinemaRestService\Cinema Room REST Service\task)
?[0m?[0;34m2022-11-09 09:45:52.668  INFO 4640 --- [    Test worker] cinema.Main                              : No active profile set, falling back to default profiles: default
?[0m?[0;34m2022-11-09 09:45:56.343  INFO 4640 --- [    Test worker] o.s.b.w.embedded.tomcat.TomcatWebServer  : Tomcat initialized with port(s): 28852 (http)
?[0m?[0;34m2022-11-09 09:45:56.378  INFO 4640 --- [    Test worker] o.apache.catalina.core.StandardService   : Starting service [Tomcat]
?[0m?[0;34m2022-11-09 09:45:56.381  INFO 4640 --- [    Test worker] org.apache.catalina.core.StandardEngine  : Starting Servlet engine: [Apache Tomcat/9.0.54]
?[0m?[0;34m2022-11-09 09:45:56.636  INFO 4640 --- [    Test worker] o.a.c.c.C.[Tomcat].[localhost].[/]       : Initializing Spring embedded WebApplicationContext
?[0m?[0;34m2022-11-09 09:45:56.636  INFO 4640 --- [    Test worker] w.s.c.ServletWebServerApplicationContext : Root WebApplicationContext: initialization completed in 3816 ms
?[0m?[0;34m2022-11-09 09:45:58.529  INFO 4640 --- [    Test worker] o.s.b.a.e.web.EndpointLinksResolver      : Exposing 14 endpoint(s) beneath base path '/actuator'
?[0m?[0;34m2022-11-09 09:45:58.674  INFO 4640 --- [    Test worker] o.s.b.w.embedded.tomcat.TomcatWebServer  : Tomcat started on port(s): 28852 (http) with context path ''
?[0m?[0;34m2022-11-09 09:45:58.710  INFO 4640 --- [    Test worker] cinema.Main                              : Started Main in 7.175 seconds (JVM running for 9.39)
?[0;34m2022-11-09 09:45:59.841  INFO 4640 --- [io-28852-exec-1] o.a.c.c.C.[Tomcat].[localhost].[/]       : Initializing Spring DispatcherServlet 'dispatcherServlet'
?[0m?[0;34m2022-11-09 09:45:59.842  INFO 4640 --- [io-28852-exec-1] o.s.web.servlet.DispatcherServlet        : Initializing Servlet 'dispatcherServlet'
?[0m?[0;34m2022-11-09 09:45:59.845  INFO 4640 --- [io-28852-exec-1] o.s.web.servlet.DispatcherServlet        : Completed initialization in 3 ms
?[0m?[1;31m
Start test 2?[0m
?[1;31m
Start test 3?[0m
?[1;31m
Start test 4?[0m
?[1;31m
Start test 5?[0m
?[1;31m
Start test 6?[0m
?[1;31m
Start test 7?[0m
?[1;31m
Start test 8?[0m
?[1;31m
Start test 9?[0m
?[1;31m
Start test 10?[0m
?[1;31m
Start test 11?[0m
?[1;31m
Start test 12?[0m
]]></system-out>
  <system-err><![CDATA[]]></system-err>
</testsuite>
